[Thread: 36460] [DEBUG] [01:14:09.815] select  
  sd.CreationDate, us.login, pr.name as clerk, ty.name as type, sd.folio, st.number as store, 
  sd.Workstation, sd.subtotal, sd.discount, sd.tax1, sd.tax2, sd.tax3, sd.total, sd.payment, sd.credit, sd.due, 
  sd.[comment], cs.Name as customer, cadd.Street, cadd.ExtNo, cadd.IntNo, cadd.email1 as CustEmail, 
  ng.Name as Neighborhood, cy.Name as City, sta.Name as State, cry.Name as Country,
  usv.login loginv, usv.name vendedor, sd.documenttypeid, sd.documentstatusid,
sd.observation,
 sd.LayawayDocumentUUID
from SaleDocument sd
inner join Store st on  sd.StoreID = st.ID
left join [User] us on sd.CreationUserID = us.id
left join Person pr on pr.ID = us.PersonID
left join [User] usv on sd.salespersonuserid = usv.id
inner join DocumentType ty on sd.DocumentTypeID = ty.ID
left join Customer cs on sd.CustomerUUID = cs.UUID
left join Address cadd on cs.AddressUUID = cadd.UUID
left join Neighborhood ng on cadd.NeighborhoodID = ng.ID
left join City cy on cadd.CityID = cy.ID
left join State sta on cadd.StateID = sta.ID
left join Country cry on cadd.CountryID = cry.ID
left join (SELECT 'A Cuenta' TipoCredito ,SaleDocumentUUID FROM SaleDocumentPayment WHERE FormaPago='CreditoRosa') sdp ON sd.UUID=sdp.SaleDocumentUUID
where sd.uuid = 'AB32002E-6931-44E3-B9A4-37AC1B3BAF94'

[Thread: 36460] [DEBUG] [09:24:03.348] select  
  sd.CreationDate, us.login, pr.name as clerk, ty.name as type, sd.folio, st.number as store, 
  sd.Workstation, sd.subtotal, sd.discount, sd.tax1, sd.tax2, sd.tax3, sd.total, sd.payment, sd.credit, sd.due, 
  sd.[comment], cs.Name as customer, cadd.Street, cadd.ExtNo, cadd.IntNo, cadd.email1 as CustEmail, 
  ng.Name as Neighborhood, cy.Name as City, sta.Name as State, cry.Name as Country,
  usv.login loginv, usv.name vendedor, sd.documenttypeid, sd.documentstatusid,
sd.observation,
 sd.LayawayDocumentUUID,
  CASE WHEN INSULL(sd.LayawayDocumentUUID,'')='' THEN 1 ELSE 0 END RelacionApartado
  sdp.TipoCredito
from SaleDocument sd
inner join Store st on  sd.StoreID = st.ID
left join [User] us on sd.CreationUserID = us.id
left join Person pr on pr.ID = us.PersonID
left join [User] usv on sd.salespersonuserid = usv.id
inner join DocumentType ty on sd.DocumentTypeID = ty.ID
left join Customer cs on sd.CustomerUUID = cs.UUID
left join Address cadd on cs.AddressUUID = cadd.UUID
left join Neighborhood ng on cadd.NeighborhoodID = ng.ID
left join City cy on cadd.CityID = cy.ID
left join State sta on cadd.StateID = sta.ID
left join Country cry on cadd.CountryID = cry.ID
left join (SELECT 'A Cuenta' TipoCredito ,SaleDocumentUUID FROM SaleDocumentPayment WHERE TenderTypeName='CreditoRosa') sdp ON sd.UUID=sdp.SaleDocumentUUID
where sd.uuid = '39056231-E39D-49FA-857F-29DD267FCC9F'

[Thread: 36460] [DEBUG] [09:24:17.187] select  
  sd.CreationDate, us.login, pr.name as clerk, ty.name as type, sd.folio, st.number as store, 
  sd.Workstation, sd.subtotal, sd.discount, sd.tax1, sd.tax2, sd.tax3, sd.total, sd.payment, sd.credit, sd.due, 
  sd.[comment], cs.Name as customer, cadd.Street, cadd.ExtNo, cadd.IntNo, cadd.email1 as CustEmail, 
  ng.Name as Neighborhood, cy.Name as City, sta.Name as State, cry.Name as Country,
  usv.login loginv, usv.name vendedor, sd.documenttypeid, sd.documentstatusid,
sd.observation,
 sd.LayawayDocumentUUID,
  CASE WHEN ISNULL(sd.LayawayDocumentUUID,'')='' THEN 1 ELSE 0 END RelacionApartado
  sdp.TipoCredito
from SaleDocument sd
inner join Store st on  sd.StoreID = st.ID
left join [User] us on sd.CreationUserID = us.id
left join Person pr on pr.ID = us.PersonID
left join [User] usv on sd.salespersonuserid = usv.id
inner join DocumentType ty on sd.DocumentTypeID = ty.ID
left join Customer cs on sd.CustomerUUID = cs.UUID
left join Address cadd on cs.AddressUUID = cadd.UUID
left join Neighborhood ng on cadd.NeighborhoodID = ng.ID
left join City cy on cadd.CityID = cy.ID
left join State sta on cadd.StateID = sta.ID
left join Country cry on cadd.CountryID = cry.ID
left join (SELECT 'A Cuenta' TipoCredito ,SaleDocumentUUID FROM SaleDocumentPayment WHERE TenderTypeName='CreditoRosa') sdp ON sd.UUID=sdp.SaleDocumentUUID
where sd.uuid = '39056231-E39D-49FA-857F-29DD267FCC9F'

[Thread: 67780] [DEBUG] [12:26:56.017] SELECT
  *
  FROM SaleDocument sd
    JOIN LayawayDocument ld ON sd.LayawayDocumentUUID=ld.UUID
  WHERE UUID='BE232E00-ED59-4863-A604-21A085D20D45'

[Thread: 67780] [DEBUG] [12:27:38.908] SELECT
  ld.Folio
  FROM SaleDocument sd
    JOIN LayawayDocument ld ON sd.LayawayDocumentUUID=ld.UUID
  WHERE sd.UUID='BE232E00-ED59-4863-A604-21A085D20D45'

[Thread: 67780] [DEBUG] [16:25:53.510] SELECT
 *
 FROM ConfigurationStoreOption cso ON cso.ConfigurationOptionDefinitionID=202
 WHERE cso.StoreID=(SELECT StoreID FROM StoreCredit WHERE UUID='9B234F9B-3DBE-48F9-A298-118B8085B0FF')

[Thread: 67780] [DEBUG] [16:30:21.951] select  sd.CreationDate, us.login, pr.name as clerk, ty.name as type, 
sd.folio, st.number as store, sd.Workstation,
sd.subtotal, sd.discount, sd.tax1, sd.total, sd.payment, sd.credit, sd.due, sd.[comment],
cs.Name as customer, cadd.Street, cadd.ExtNo, cadd.IntNo, cadd.email1 as Custemail, cy.Name as City, cs.ID AS CustomerID, cs.Phone1
from storecredit sc 
inner join saledocument sd on sd.uuid = sc.saledocumentuuid
inner join store st on  sd.StoreID = st.ID
inner join [user] us on sd.CreationUserID = us.id
inner join person pr on us.PersonID=pr.ID
inner join DocumentType ty on sd.DocumentTypeID = ty.ID
left join customer cs on sd.CustomerUUID = cs.UUID
left join address cadd on cs.AddressUUID = cadd.UUID
left join city cy on cadd.CityID = cy.ID
where sc.uuid = '9B234F9B-3DBE-48F9-A298-118B8085B0FF'

[Thread: 67780] [DEBUG] [16:30:26.649] select  sd.CreationDate, us.login, pr.name as clerk, ty.name as type, 
sd.folio, st.number as store, sd.Workstation,
sd.subtotal, sd.discount, sd.tax1, sd.total, sd.payment, sd.credit, sd.due, sd.[comment],
cs.Name as customer, cadd.Street, cadd.ExtNo, cadd.IntNo, cadd.email1 as Custemail, cy.Name as City, cs.ID AS CustomerID, cs.Phone
from storecredit sc 
inner join saledocument sd on sd.uuid = sc.saledocumentuuid
inner join store st on  sd.StoreID = st.ID
inner join [user] us on sd.CreationUserID = us.id
inner join person pr on us.PersonID=pr.ID
inner join DocumentType ty on sd.DocumentTypeID = ty.ID
left join customer cs on sd.CustomerUUID = cs.UUID
left join address cadd on cs.AddressUUID = cadd.UUID
left join city cy on cadd.CityID = cy.ID
where sc.uuid = '9B234F9B-3DBE-48F9-A298-118B8085B0FF'

[Thread: 67780] [DEBUG] [16:36:09.042] SELECT
 a.Phone1, 
*
 FROM Customer c
 JOIN Adress a ON c.AdressUUID=a.UUID
 WHERE c.ID=(SELECT CustomerID FROM StoreCredit WHERE UUID='9B234F9B-3DBE-48F9-A298-118B8085B0FF')

[Thread: 67780] [DEBUG] [16:37:04.375] select  sd.CreationDate, us.login, pr.name as clerk, ty.name as type, 
sd.folio, st.number as store, sd.Workstation,
sd.subtotal, sd.discount, sd.tax1, sd.total, sd.payment, sd.credit, sd.due, sd.[comment],
cs.Name as customer, cadd.Street, cadd.ExtNo, cadd.IntNo, cadd.email1 as Custemail, cy.Name as City, cs.ID AS CustomerID, cs.Phone
from storecredit sc 
inner join saledocument sd on sd.uuid = sc.saledocumentuuid
inner join store st on  sd.StoreID = st.ID
inner join [user] us on sd.CreationUserID = us.id
inner join person pr on us.PersonID=pr.ID
inner join DocumentType ty on sd.DocumentTypeID = ty.ID
left join customer cs on sd.CustomerUUID = cs.UUID
left join address cadd on cs.AddressUUID = cadd.UUID
left join city cy on cadd.CityID = cy.ID
where sc.uuid = '9B234F9B-3DBE-48F9-A298-118B8085B0FF'

[Thread: 67780] [DEBUG] [16:42:55.194] select  sd.CreationDate, us.login, pr.name as clerk, ty.name as type, 
sd.folio, st.number as store, sd.Workstation,
sd.subtotal, sd.discount, sd.tax1, sd.total, sd.payment, sd.credit, sd.due, sd.[comment],
cs.Name as customer, cadd.Street, cadd.ExtNo, cadd.IntNo, cadd.email1 as Custemail, cy.Name as City, cs.ID AS CustomerID, cs.Phone
from storecredit sc 
inner join saledocument sd on sd.uuid = sc.saledocumentuuid
inner join store st on  sd.StoreID = st.ID
inner join [user] us on sd.CreationUserID = us.id
inner join person pr on us.PersonID=pr.ID
inner join DocumentType ty on sd.DocumentTypeID = ty.ID
left join customer cs on sd.CustomerUUID = cs.UUID
left join address cadd on cs.AddressUUID = cadd.UUID
left join city cy on cadd.CityID = cy.ID
where sc.uuid = '9B234F9B-3DBE-48F9-A298-118B8085B0FF'

